<?xml version='1.0'?>
<ns2:test-suite xmlns:ns2='urn:model.allure.qatools.yandex.ru' start='1632412367487' stop='1632412372017'>
    <name>The Internet Guinea Pig Website</name>
    <title>The Internet Guinea Pig Website</title>
    <test-cases>
        <test-case start='1632412367513' status='broken' stop='1632412370962'>
            <name>As a user, I can log into the secure area</name>
            <title>As a user, I can log into the secure area</title>
            <labels>
                <label name='language' value='javascript'/>
                <label name='framework' value='wdio'/>
                <label name='thread' value='0-5'/>
            </labels>
            <parameters>
                <parameter kind='argument' name='browser' value='chrome-93.0.4577.82'/>
            </parameters>
            <steps>
                <step start='1632412367517' status='passed' stop='1632412370119'>
                    <name>Given I am on the login page</name>
                    <title>Given I am on the login page</title>
                    <attachments/>
                    <steps/>
                </step>
                <step start='1632412370119' status='broken' stop='1632412370961'>
                    <name>When I login with tomsmith and SuperSecretPassword!</name>
                    <title>When I login with tomsmith and SuperSecretPassword!</title>
                    <attachments/>
                    <steps/>
                </step>
                <step start='1632412370962' status='canceled' stop='1632412370963'>
                    <name>Then I should see a flash message saying You logged into a secure area!</name>
                    <title>Then I should see a flash message saying You logged into a secure area!</title>
                    <attachments/>
                    <steps/>
                </step>
            </steps>
            <attachments/>
            <failure>
                <message>Error: IllegalArgument: appName is null or undefined</message>
                <stack-trace>Error: IllegalArgument: appName is null or undefined
                    at Object.notNull (C:\Users\fabry\Desktop\introduccion\WebDriverIo\WebDriverIo-cucumber\node_modules\@applitools\eyes-sdk-core\lib\utils\ArgumentGuard.js:37:11)
                    at Object.openBase (C:\Users\fabry\Desktop\introduccion\WebDriverIo\WebDriverIo-cucumber\node_modules\@applitools\eyes-sdk-core\lib\sdk\EyesBase.js:1419:23)
                    at Object.open (C:\Users\fabry\Desktop\introduccion\WebDriverIo\WebDriverIo-cucumber\node_modules\@applitools\eyes-sdk-core\lib\sdk\EyesClassic.js:66:16)
                    at processTicksAndRejections (internal/process/task_queues.js:93:5)
                    at async Object.openEyes (C:\Users\fabry\Desktop\introduccion\WebDriverIo\WebDriverIo-cucumber\node_modules\@applitools\eyes-sdk-core\lib\new\open-eyes.js:47:5)
                    at async ClassicRunner.openEyes (C:\Users\fabry\Desktop\introduccion\WebDriverIo\WebDriverIo-cucumber\node_modules\@applitools\eyes-api\dist\Runners.js:44:16)
                    at async Eyes.open (C:\Users\fabry\Desktop\introduccion\WebDriverIo\WebDriverIo-cucumber\node_modules\@applitools\eyes-api\dist\Eyes.js:135:22)</stack-trace>
            </failure>
        </test-case>
        <test-case start='1632412370967' status='broken' stop='1632412372014'>
            <name>As a user, I can log into the secure area</name>
            <title>As a user, I can log into the secure area</title>
            <labels>
                <label name='language' value='javascript'/>
                <label name='framework' value='wdio'/>
                <label name='thread' value='0-5'/>
            </labels>
            <parameters>
                <parameter kind='argument' name='browser' value='chrome-93.0.4577.82'/>
            </parameters>
            <steps>
                <step start='1632412370968' status='passed' stop='1632412371226'>
                    <name>Given I am on the login page</name>
                    <title>Given I am on the login page</title>
                    <attachments/>
                    <steps/>
                </step>
                <step start='1632412371226' status='broken' stop='1632412372014'>
                    <name>When I login with foobar and barfoo</name>
                    <title>When I login with foobar and barfoo</title>
                    <attachments/>
                    <steps/>
                </step>
                <step start='1632412372015' status='canceled' stop='1632412372015'>
                    <name>Then I should see a flash message saying Your username is invalid!</name>
                    <title>Then I should see a flash message saying Your username is invalid!</title>
                    <attachments/>
                    <steps/>
                </step>
            </steps>
            <attachments/>
            <failure>
                <message>Error: IllegalArgument: appName is null or undefined</message>
                <stack-trace>Error: IllegalArgument: appName is null or undefined
                    at Object.notNull (C:\Users\fabry\Desktop\introduccion\WebDriverIo\WebDriverIo-cucumber\node_modules\@applitools\eyes-sdk-core\lib\utils\ArgumentGuard.js:37:11)
                    at Object.openBase (C:\Users\fabry\Desktop\introduccion\WebDriverIo\WebDriverIo-cucumber\node_modules\@applitools\eyes-sdk-core\lib\sdk\EyesBase.js:1419:23)
                    at Object.open (C:\Users\fabry\Desktop\introduccion\WebDriverIo\WebDriverIo-cucumber\node_modules\@applitools\eyes-sdk-core\lib\sdk\EyesClassic.js:66:16)
                    at processTicksAndRejections (internal/process/task_queues.js:93:5)
                    at async Object.openEyes (C:\Users\fabry\Desktop\introduccion\WebDriverIo\WebDriverIo-cucumber\node_modules\@applitools\eyes-sdk-core\lib\new\open-eyes.js:47:5)
                    at async ClassicRunner.openEyes (C:\Users\fabry\Desktop\introduccion\WebDriverIo\WebDriverIo-cucumber\node_modules\@applitools\eyes-api\dist\Runners.js:44:16)
                    at async Eyes.open (C:\Users\fabry\Desktop\introduccion\WebDriverIo\WebDriverIo-cucumber\node_modules\@applitools\eyes-api\dist\Eyes.js:135:22)</stack-trace>
            </failure>
        </test-case>
    </test-cases>
</ns2:test-suite>