<?xml version='1.0'?>
<ns2:test-suite xmlns:ns2='urn:model.allure.qatools.yandex.ru' start='1632426175332' stop='1632426181452'>
    <name>The Internet Guinea Pig Website</name>
    <title>The Internet Guinea Pig Website</title>
    <test-cases>
        <test-case start='1632426175358' status='broken' stop='1632426178413'>
            <name>As a user, I can log into the secure area</name>
            <title>As a user, I can log into the secure area</title>
            <labels>
                <label name='language' value='javascript'/>
                <label name='framework' value='wdio'/>
                <label name='thread' value='0-5'/>
            </labels>
            <parameters>
                <parameter kind='argument' name='browser' value='chrome-93.0.4577.82'/>
            </parameters>
            <steps>
                <step start='1632426175363' status='passed' stop='1632426175366'>
                    <name>Given I am on the login page</name>
                    <title>Given I am on the login page</title>
                    <attachments/>
                    <steps/>
                </step>
                <step start='1632426175366' status='broken' stop='1632426178410'>
                    <name>When I login with tomsmith and SuperSecretPassword!</name>
                    <title>When I login with tomsmith and SuperSecretPassword!</title>
                    <attachments/>
                    <steps/>
                </step>
                <step start='1632426178410' status='canceled' stop='1632426178410'>
                    <name>Then I should see a flash message saying You logged into a secure area!</name>
                    <title>Then I should see a flash message saying You logged into a secure area!</title>
                    <attachments/>
                    <steps/>
                </step>
                <step start='1632426178411' status='broken' stop='1632426178413'>
                    <name></name>
                    <title></title>
                    <attachments/>
                    <steps/>
                </step>
            </steps>
            <attachments/>
            <failure>
                <message>Error: Eyes not open</message>
                <stack-trace>Error: Eyes not open
                    at Eyes.close (C:\Users\fabry\Desktop\introduccion\WebDriverIo\WebDriverIo-cucumber\node_modules\@applitools\eyes-api\dist\Eyes.js:233:19)
                    at World.&lt;anonymous> (C:\Users\fabry\Desktop\introduccion\WebDriverIo\WebDriverIo-cucumber\test\steps\steps.ts:25:16)
                    at step (C:\Users\fabry\Desktop\introduccion\WebDriverIo\WebDriverIo-cucumber\test\steps\steps.ts:33:23)
                    at Object.next (C:\Users\fabry\Desktop\introduccion\WebDriverIo\WebDriverIo-cucumber\test\steps\steps.ts:14:53)
                    at C:\Users\fabry\Desktop\introduccion\WebDriverIo\WebDriverIo-cucumber\test\steps\steps.ts:8:71
                    at new Promise (&lt;anonymous>)
                    at __awaiter (C:\Users\fabry\Desktop\introduccion\WebDriverIo\WebDriverIo-cucumber\test\steps\steps.ts:4:12)
                    at World.&lt;anonymous> (C:\Users\fabry\Desktop\introduccion\WebDriverIo\WebDriverIo-cucumber\test\steps\steps.ts:74:12)
                    at World.userHookFn (C:\Users\fabry\Desktop\introduccion\WebDriverIo\WebDriverIo-cucumber\node_modules\@wdio\cucumber-framework\build\utils.js:116:35)
                    at World.executeAsync (C:\Users\fabry\Desktop\introduccion\WebDriverIo\WebDriverIo-cucumber\node_modules\@wdio\utils\build\shim.js:293:27)
                    at World.testFrameworkFnWrapper (C:\Users\fabry\Desktop\introduccion\WebDriverIo\WebDriverIo-cucumber\node_modules\@wdio\utils\build\test-framework\testFnWrapper.js:45:32)</stack-trace>
            </failure>
        </test-case>
        <test-case start='1632426178416' status='broken' stop='1632426181451'>
            <name>As a user, I cannot log into the secure area with invalid credentials</name>
            <title>As a user, I cannot log into the secure area with invalid credentials</title>
            <labels>
                <label name='language' value='javascript'/>
                <label name='framework' value='wdio'/>
                <label name='thread' value='0-5'/>
            </labels>
            <parameters>
                <parameter kind='argument' name='browser' value='chrome-93.0.4577.82'/>
            </parameters>
            <steps>
                <step start='1632426178417' status='passed' stop='1632426178418'>
                    <name>Given I am on the login page</name>
                    <title>Given I am on the login page</title>
                    <attachments/>
                    <steps/>
                </step>
                <step start='1632426178418' status='broken' stop='1632426181449'>
                    <name>When I login with foobar and barfoo</name>
                    <title>When I login with foobar and barfoo</title>
                    <attachments/>
                    <steps/>
                </step>
                <step start='1632426181449' status='canceled' stop='1632426181450'>
                    <name>Then I should see a flash message saying Your username is invalid!</name>
                    <title>Then I should see a flash message saying Your username is invalid!</title>
                    <attachments/>
                    <steps/>
                </step>
                <step start='1632426181450' status='broken' stop='1632426181451'>
                    <name></name>
                    <title></title>
                    <attachments/>
                    <steps/>
                </step>
            </steps>
            <attachments/>
            <failure>
                <message>Error: Eyes not open</message>
                <stack-trace>Error: Eyes not open
                    at Eyes.close (C:\Users\fabry\Desktop\introduccion\WebDriverIo\WebDriverIo-cucumber\node_modules\@applitools\eyes-api\dist\Eyes.js:233:19)
                    at World.&lt;anonymous> (C:\Users\fabry\Desktop\introduccion\WebDriverIo\WebDriverIo-cucumber\test\steps\steps.ts:25:16)
                    at step (C:\Users\fabry\Desktop\introduccion\WebDriverIo\WebDriverIo-cucumber\test\steps\steps.ts:33:23)
                    at Object.next (C:\Users\fabry\Desktop\introduccion\WebDriverIo\WebDriverIo-cucumber\test\steps\steps.ts:14:53)
                    at C:\Users\fabry\Desktop\introduccion\WebDriverIo\WebDriverIo-cucumber\test\steps\steps.ts:8:71
                    at new Promise (&lt;anonymous>)
                    at __awaiter (C:\Users\fabry\Desktop\introduccion\WebDriverIo\WebDriverIo-cucumber\test\steps\steps.ts:4:12)
                    at World.&lt;anonymous> (C:\Users\fabry\Desktop\introduccion\WebDriverIo\WebDriverIo-cucumber\test\steps\steps.ts:74:12)
                    at World.userHookFn (C:\Users\fabry\Desktop\introduccion\WebDriverIo\WebDriverIo-cucumber\node_modules\@wdio\cucumber-framework\build\utils.js:116:35)
                    at World.executeAsync (C:\Users\fabry\Desktop\introduccion\WebDriverIo\WebDriverIo-cucumber\node_modules\@wdio\utils\build\shim.js:293:27)
                    at World.testFrameworkFnWrapper (C:\Users\fabry\Desktop\introduccion\WebDriverIo\WebDriverIo-cucumber\node_modules\@wdio\utils\build\test-framework\testFnWrapper.js:45:32)</stack-trace>
            </failure>
        </test-case>
    </test-cases>
</ns2:test-suite>