<?xml version='1.0'?>
<ns2:test-suite xmlns:ns2='urn:model.allure.qatools.yandex.ru' start='1632411693629' stop='1632411696419'>
    <name>The Internet Guinea Pig Website</name>
    <title>The Internet Guinea Pig Website</title>
    <test-cases>
        <test-case start='1632411693655' status='broken' stop='1632411696157'>
            <name>As a user, I can log into the secure area</name>
            <title>As a user, I can log into the secure area</title>
            <labels>
                <label name='language' value='javascript'/>
                <label name='framework' value='wdio'/>
                <label name='thread' value='0-5'/>
            </labels>
            <parameters>
                <parameter kind='argument' name='browser' value='chrome-93.0.4577.82'/>
            </parameters>
            <steps>
                <step start='1632411693664' status='passed' stop='1632411696151'>
                    <name>Given I am on the login page</name>
                    <title>Given I am on the login page</title>
                    <attachments/>
                    <steps/>
                </step>
                <step start='1632411696151' status='broken' stop='1632411696157'>
                    <name>When I login with tomsmith and SuperSecretPassword!</name>
                    <title>When I login with tomsmith and SuperSecretPassword!</title>
                    <attachments/>
                    <steps/>
                </step>
                <step start='1632411696157' status='canceled' stop='1632411696158'>
                    <name>Then I should see a flash message saying You logged into a secure area!</name>
                    <title>Then I should see a flash message saying You logged into a secure area!</title>
                    <attachments/>
                    <steps/>
                </step>
            </steps>
            <attachments/>
            <failure>
                <message>TypeError: Cannot read property 'setAppName' of undefined</message>
                <stack-trace>TypeError: Cannot read property 'setAppName' of undefined
                    at C:\Users\fabry\Desktop\introduccion\WebDriverIo\WebDriverIo-cucumber\test\steps\steps.ts:36:23
                    at step (C:\Users\fabry\Desktop\introduccion\WebDriverIo\WebDriverIo-cucumber\test\steps\steps.ts:33:23)
                    at Object.next (C:\Users\fabry\Desktop\introduccion\WebDriverIo\WebDriverIo-cucumber\test\steps\steps.ts:14:53)
                    at C:\Users\fabry\Desktop\introduccion\WebDriverIo\WebDriverIo-cucumber\test\steps\steps.ts:8:71
                    at new Promise (&lt;anonymous>)
                    at __awaiter (C:\Users\fabry\Desktop\introduccion\WebDriverIo\WebDriverIo-cucumber\test\steps\steps.ts:4:12)
                    at World.&lt;anonymous> (C:\Users\fabry\Desktop\introduccion\WebDriverIo\WebDriverIo-cucumber\test\steps\steps.ts:32:64)
                    at World.executeAsync (C:\Users\fabry\Desktop\introduccion\WebDriverIo\WebDriverIo-cucumber\node_modules\@wdio\utils\build\shim.js:293:27)
                    at World.testFrameworkFnWrapper (C:\Users\fabry\Desktop\introduccion\WebDriverIo\WebDriverIo-cucumber\node_modules\@wdio\utils\build\test-framework\testFnWrapper.js:45:32)</stack-trace>
            </failure>
        </test-case>
        <test-case start='1632411696161' status='broken' stop='1632411696417'>
            <name>As a user, I can log into the secure area</name>
            <title>As a user, I can log into the secure area</title>
            <labels>
                <label name='language' value='javascript'/>
                <label name='framework' value='wdio'/>
                <label name='thread' value='0-5'/>
            </labels>
            <parameters>
                <parameter kind='argument' name='browser' value='chrome-93.0.4577.82'/>
            </parameters>
            <steps>
                <step start='1632411696164' status='passed' stop='1632411696414'>
                    <name>Given I am on the login page</name>
                    <title>Given I am on the login page</title>
                    <attachments/>
                    <steps/>
                </step>
                <step start='1632411696414' status='broken' stop='1632411696417'>
                    <name>When I login with foobar and barfoo</name>
                    <title>When I login with foobar and barfoo</title>
                    <attachments/>
                    <steps/>
                </step>
                <step start='1632411696417' status='canceled' stop='1632411696417'>
                    <name>Then I should see a flash message saying Your username is invalid!</name>
                    <title>Then I should see a flash message saying Your username is invalid!</title>
                    <attachments/>
                    <steps/>
                </step>
            </steps>
            <attachments/>
            <failure>
                <message>TypeError: Cannot read property 'setAppName' of undefined</message>
                <stack-trace>TypeError: Cannot read property 'setAppName' of undefined
                    at C:\Users\fabry\Desktop\introduccion\WebDriverIo\WebDriverIo-cucumber\test\steps\steps.ts:36:23
                    at step (C:\Users\fabry\Desktop\introduccion\WebDriverIo\WebDriverIo-cucumber\test\steps\steps.ts:33:23)
                    at Object.next (C:\Users\fabry\Desktop\introduccion\WebDriverIo\WebDriverIo-cucumber\test\steps\steps.ts:14:53)
                    at C:\Users\fabry\Desktop\introduccion\WebDriverIo\WebDriverIo-cucumber\test\steps\steps.ts:8:71
                    at new Promise (&lt;anonymous>)
                    at __awaiter (C:\Users\fabry\Desktop\introduccion\WebDriverIo\WebDriverIo-cucumber\test\steps\steps.ts:4:12)
                    at World.&lt;anonymous> (C:\Users\fabry\Desktop\introduccion\WebDriverIo\WebDriverIo-cucumber\test\steps\steps.ts:32:64)
                    at World.executeAsync (C:\Users\fabry\Desktop\introduccion\WebDriverIo\WebDriverIo-cucumber\node_modules\@wdio\utils\build\shim.js:293:27)
                    at World.testFrameworkFnWrapper (C:\Users\fabry\Desktop\introduccion\WebDriverIo\WebDriverIo-cucumber\node_modules\@wdio\utils\build\test-framework\testFnWrapper.js:45:32)</stack-trace>
            </failure>
        </test-case>
    </test-cases>
</ns2:test-suite>