<?xml version='1.0'?>
<ns2:test-suite xmlns:ns2='urn:model.allure.qatools.yandex.ru' start='1632418493631' stop='1632418501576'>
    <name>The Internet Guinea Pig Website</name>
    <title>The Internet Guinea Pig Website</title>
    <test-cases>
        <test-case start='1632418493662' status='broken' stop='1632418500305'>
            <name>As a user, I can log into the secure area</name>
            <title>As a user, I can log into the secure area</title>
            <labels>
                <label name='language' value='javascript'/>
                <label name='framework' value='wdio'/>
                <label name='thread' value='0-5'/>
            </labels>
            <parameters>
                <parameter kind='argument' name='browser' value='chrome-93.0.4577.82'/>
            </parameters>
            <steps>
                <step start='1632418493666' status='passed' stop='1632418499381'>
                    <name>Given I am on the login page</name>
                    <title>Given I am on the login page</title>
                    <attachments/>
                    <steps/>
                </step>
                <step start='1632418499381' status='broken' stop='1632418500304'>
                    <name>When I login with tomsmith and SuperSecretPassword!</name>
                    <title>When I login with tomsmith and SuperSecretPassword!</title>
                    <attachments/>
                    <steps/>
                </step>
                <step start='1632418500305' status='canceled' stop='1632418500306'>
                    <name>Then I should see a flash message saying You logged into a secure area!</name>
                    <title>Then I should see a flash message saying You logged into a secure area!</title>
                    <attachments/>
                    <steps/>
                </step>
            </steps>
            <attachments/>
            <failure>
                <message>Error: Eyes not open</message>
                <stack-trace>Error: Eyes not open
                    at Eyes.check (C:\Users\fabry\Desktop\introduccion\WebDriverIo\WebDriverIo-cucumber\node_modules\@applitools\eyes-api\dist\Eyes.js:191:19)
                    at C:\Users\fabry\Desktop\introduccion\WebDriverIo\WebDriverIo-cucumber\test\steps\steps.ts:22:16
                    at step (C:\Users\fabry\Desktop\introduccion\WebDriverIo\WebDriverIo-cucumber\test\steps\steps.ts:33:23)
                    at Object.next (C:\Users\fabry\Desktop\introduccion\WebDriverIo\WebDriverIo-cucumber\test\steps\steps.ts:14:53)
                    at fulfilled (C:\Users\fabry\Desktop\introduccion\WebDriverIo\WebDriverIo-cucumber\test\steps\steps.ts:5:58)
                    at processTicksAndRejections (internal/process/task_queues.js:93:5)</stack-trace>
            </failure>
        </test-case>
        <test-case start='1632418500314' status='broken' stop='1632418501570'>
            <name>As a user, I cannot log into the secure area with invalid credentials</name>
            <title>As a user, I cannot log into the secure area with invalid credentials</title>
            <labels>
                <label name='language' value='javascript'/>
                <label name='framework' value='wdio'/>
                <label name='thread' value='0-5'/>
            </labels>
            <parameters>
                <parameter kind='argument' name='browser' value='chrome-93.0.4577.82'/>
            </parameters>
            <steps>
                <step start='1632418500316' status='passed' stop='1632418500682'>
                    <name>Given I am on the login page</name>
                    <title>Given I am on the login page</title>
                    <attachments/>
                    <steps/>
                </step>
                <step start='1632418500682' status='broken' stop='1632418501570'>
                    <name>When I login with foobar and barfoo</name>
                    <title>When I login with foobar and barfoo</title>
                    <attachments/>
                    <steps/>
                </step>
                <step start='1632418501571' status='canceled' stop='1632418501571'>
                    <name>Then I should see a flash message saying Your username is invalid!</name>
                    <title>Then I should see a flash message saying Your username is invalid!</title>
                    <attachments/>
                    <steps/>
                </step>
            </steps>
            <attachments/>
            <failure>
                <message>Error: Eyes not open</message>
                <stack-trace>Error: Eyes not open
                    at Eyes.check (C:\Users\fabry\Desktop\introduccion\WebDriverIo\WebDriverIo-cucumber\node_modules\@applitools\eyes-api\dist\Eyes.js:191:19)
                    at C:\Users\fabry\Desktop\introduccion\WebDriverIo\WebDriverIo-cucumber\test\steps\steps.ts:22:16
                    at step (C:\Users\fabry\Desktop\introduccion\WebDriverIo\WebDriverIo-cucumber\test\steps\steps.ts:33:23)
                    at Object.next (C:\Users\fabry\Desktop\introduccion\WebDriverIo\WebDriverIo-cucumber\test\steps\steps.ts:14:53)
                    at fulfilled (C:\Users\fabry\Desktop\introduccion\WebDriverIo\WebDriverIo-cucumber\test\steps\steps.ts:5:58)
                    at processTicksAndRejections (internal/process/task_queues.js:93:5)</stack-trace>
            </failure>
        </test-case>
    </test-cases>
</ns2:test-suite>